SF:lib/app/app_module.dart
DA:10,2
DA:21,1
DA:22,1
LF:3
LH:3
end_of_record
SF:lib/app/modules/home/home_module.dart
DA:9,0
DA:14,0
LF:2
LH:0
end_of_record
SF:lib/app/modules/home/home_store.dart
DA:4,0
DA:6,0
DA:7,0
DA:9,0
DA:11,0
DA:12,0
DA:13,0
DA:15,0
DA:18,0
LF:9
LH:0
end_of_record
SF:lib/app/modules/home/home_page.dart
DA:8,0
DA:10,0
DA:11,0
DA:15,0
DA:17,0
DA:18,0
DA:19,0
DA:21,0
DA:22,0
DA:23,0
DA:24,0
DA:25,0
DA:26,0
DA:29,0
DA:30,0
DA:32,0
DA:36,0
DA:37,0
DA:38,0
DA:40,0
LF:20
LH:0
end_of_record
